<?xml version="1.0" encoding="UTF-8" standalone="no"?><testsuite errors="0" failures="0" name="Login" skipped="0" tests="5" time="13.79" timestamp="2023-01-10 04:53:43"><testcase name="Ingresar a la aplicacion sauce demo"/><testcase name="Filtrar los precios de los productos de menor a mayor"/><testcase name="Agregar un producto al carrito"/><testcase name="Realizar el check de los items cargados al carrito de compras"/><testcase name="Ingreso de informacion personal para la facturacion"/></testsuite>